Build started 2013-02-17 오후 4:36:08.
     1>Project "C:\Users\jaedong\Documents\Visual Studio 2010\Projects\MFCServerProgramSample\MFCServerProgramSample\MFCServerProgramSample\MFCServerProgramSample.vcxproj" on node 2 (build target(s)).
     1>InitializeBuildStatus:
         Creating "Debug\MFCServerProgramSample.unsuccessfulbuild" because "AlwaysCreate" was specified.
       ClCompile:
         All outputs are up-to-date.
         All outputs are up-to-date.
       ResourceCompile:
         C:\Program Files\Microsoft SDKs\Windows\v7.0A\bin\rc.exe /D _DEBUG /D _AFXDLL /l"0x0409" /IDebug\ /nologo /fo"Debug\MFCServerProgramSample.res" MFCServerProgramSample.rc 
       ManifestResourceCompile:
         All outputs are up-to-date.
       Link:
         c:\Program Files\Microsoft Visual Studio 10.0\VC\bin\link.exe /ERRORREPORT:PROMPT /OUT:"C:\Users\jaedong\Documents\Visual Studio 2010\Projects\MFCServerProgramSample\MFCServerProgramSample\Debug\MFCServerProgramSample.exe" /INCREMENTAL /NOLOGO /MANIFEST /ManifestFile:"Debug\MFCServerProgramSample.exe.intermediate.manifest" /MANIFESTUAC:"level='asInvoker' uiAccess='false'" /DEBUG /PDB:"C:\Users\jaedong\Documents\Visual Studio 2010\Projects\MFCServerProgramSample\MFCServerProgramSample\Debug\MFCServerProgramSample.pdb" /SUBSYSTEM:WINDOWS /TLBID:1 /DYNAMICBASE /NXCOMPAT /IMPLIB:"C:\Users\jaedong\Documents\Visual Studio 2010\Projects\MFCServerProgramSample\MFCServerProgramSample\Debug\MFCServerProgramSample.lib" /MACHINE:X86 Debug\MFCServerProgramSample.res
         Debug\MFCServerProgramSample.exe.embed.manifest.res
         Debug\MFCServerProgramSample.obj
         Debug\MFCServerProgramSampleDlg.obj
         Debug\stdafx.obj
       Manifest:
         C:\Program Files\Microsoft SDKs\Windows\v7.0A\bin\mt.exe /nologo /verbose /out:"Debug\MFCServerProgramSample.exe.embed.manifest" /manifest Debug\MFCServerProgramSample.exe.intermediate.manifest "c:\Program Files\Microsoft Visual Studio 10.0\VC\Include\Manifest\dpiaware.manifest"
         All outputs are up-to-date.
       LinkEmbedManifest:
         All outputs are up-to-date.
         MFCServerProgramSample.vcxproj -> C:\Users\jaedong\Documents\Visual Studio 2010\Projects\MFCServerProgramSample\MFCServerProgramSample\Debug\MFCServerProgramSample.exe
       FinalizeBuildStatus:
         Deleting file "Debug\MFCServerProgramSample.unsuccessfulbuild".
         Touching "Debug\MFCServerProgramSample.lastbuildstate".
     1>Done Building Project "C:\Users\jaedong\Documents\Visual Studio 2010\Projects\MFCServerProgramSample\MFCServerProgramSample\MFCServerProgramSample\MFCServerProgramSample.vcxproj" (build target(s)).

Build succeeded.

Time Elapsed 00:00:00.30
